2022-06-05 21:24:38,137 INFO s.MainServiceImpl [JettyServerThreadPool-31] Entered validateLogin() in service.
2022-06-05 21:24:38,141 INFO s.MainServiceImpl [JettyServerThreadPool-31] Exited validateLogin() in service.
2022-06-05 21:24:38,141 INFO d.EmployeeDaoImpl [JettyServerThreadPool-31] Enter validateLogin() in EmployeeDaoImpl...
2022-06-05 21:24:38,624 INFO d.EmployeeDaoImpl [JettyServerThreadPool-31] Exited validateLogin() in EmployeeDaoImpl...
2022-06-05 21:25:15,449 INFO s.MainServiceImpl [JettyServerThreadPool-20] Entered validateLogin() in service.
2022-06-05 21:25:15,449 INFO s.MainServiceImpl [JettyServerThreadPool-20] Exited validateLogin() in service.
2022-06-05 21:25:15,449 INFO d.EmployeeDaoImpl [JettyServerThreadPool-20] Enter validateLogin() in EmployeeDaoImpl...
2022-06-05 21:25:15,479 INFO d.EmployeeDaoImpl [JettyServerThreadPool-20] Exited validateLogin() in EmployeeDaoImpl...
2022-06-06 22:55:10,019 INFO s.MainServiceImpl [JettyServerThreadPool-29] Entered validateLogin() in service.
2022-06-06 22:55:10,023 INFO s.MainServiceImpl [JettyServerThreadPool-29] Exited validateLogin() in service.
2022-06-06 22:55:10,023 INFO d.EmployeeDaoImpl [JettyServerThreadPool-29] Enter validateLogin() in EmployeeDaoImpl...
2022-06-06 22:55:15,443 INFO s.MainServiceImpl [JettyServerThreadPool-22] Entered validateLogin() in service.
2022-06-06 22:55:15,443 INFO s.MainServiceImpl [JettyServerThreadPool-22] Exited validateLogin() in service.
2022-06-06 22:55:15,443 INFO d.EmployeeDaoImpl [JettyServerThreadPool-22] Enter validateLogin() in EmployeeDaoImpl...
2022-06-06 22:55:15,513 INFO d.EmployeeDaoImpl [JettyServerThreadPool-22] Exited validateLogin() in EmployeeDaoImpl...
2022-06-06 22:57:35,771 INFO s.MainServiceImpl [JettyServerThreadPool-22] Entered validateLogin() in service.
2022-06-06 22:57:35,771 INFO s.MainServiceImpl [JettyServerThreadPool-22] Exited validateLogin() in service.
2022-06-06 22:57:35,771 INFO d.EmployeeDaoImpl [JettyServerThreadPool-22] Enter validateLogin() in EmployeeDaoImpl...
2022-06-06 22:57:35,840 INFO d.EmployeeDaoImpl [JettyServerThreadPool-22] Exited validateLogin() in EmployeeDaoImpl...
2022-06-06 22:59:40,293 INFO s.MainServiceImpl [JettyServerThreadPool-22] Entered getEmployeeRequests() in service.
2022-06-06 22:59:40,293 INFO s.MainServiceImpl [JettyServerThreadPool-22] Exited getEmployeeRequests() in service.
2022-06-06 22:59:40,293 INFO d.ReimbursementDaoImpl [JettyServerThreadPool-22] Enter getEmployeeRequests() in ReimbursementDaoImpl...
2022-06-06 22:59:40,360 INFO d.ReimbursementDaoImpl [JettyServerThreadPool-22] Exited getEmployeeRequests() in ReimbursementDaoImpl...
2022-06-06 22:59:48,565 INFO s.MainServiceImpl [JettyServerThreadPool-24] Entered getEmployeeRequests() in service.
2022-06-06 22:59:48,565 INFO s.MainServiceImpl [JettyServerThreadPool-24] Exited getEmployeeRequests() in service.
2022-06-06 22:59:48,565 INFO d.ReimbursementDaoImpl [JettyServerThreadPool-24] Enter getEmployeeRequests() in ReimbursementDaoImpl...
2022-06-06 22:59:48,630 INFO d.ReimbursementDaoImpl [JettyServerThreadPool-24] Exited getEmployeeRequests() in ReimbursementDaoImpl...
2022-06-06 22:59:49,696 INFO s.MainServiceImpl [JettyServerThreadPool-23] Entered getEmployeeRequests() in service.
2022-06-06 22:59:49,696 INFO s.MainServiceImpl [JettyServerThreadPool-23] Exited getEmployeeRequests() in service.
2022-06-06 22:59:49,696 INFO d.ReimbursementDaoImpl [JettyServerThreadPool-23] Enter getEmployeeRequests() in ReimbursementDaoImpl...
2022-06-06 22:59:49,760 INFO d.ReimbursementDaoImpl [JettyServerThreadPool-23] Exited getEmployeeRequests() in ReimbursementDaoImpl...
2022-06-06 23:00:05,429 INFO s.MainServiceImpl [JettyServerThreadPool-22] Entered validateLogin() in service.
2022-06-06 23:00:05,429 INFO s.MainServiceImpl [JettyServerThreadPool-22] Exited validateLogin() in service.
2022-06-06 23:00:05,429 INFO d.EmployeeDaoImpl [JettyServerThreadPool-22] Enter validateLogin() in EmployeeDaoImpl...
2022-06-06 23:00:05,497 INFO d.EmployeeDaoImpl [JettyServerThreadPool-22] Exited validateLogin() in EmployeeDaoImpl...
2022-06-06 23:00:23,510 INFO s.MainServiceImpl [JettyServerThreadPool-23] Entered getEmployeeRequests() in service.
2022-06-06 23:00:23,510 INFO s.MainServiceImpl [JettyServerThreadPool-23] Exited getEmployeeRequests() in service.
2022-06-06 23:00:23,510 INFO d.ReimbursementDaoImpl [JettyServerThreadPool-23] Enter getEmployeeRequests() in ReimbursementDaoImpl...
2022-06-06 23:00:23,575 INFO d.ReimbursementDaoImpl [JettyServerThreadPool-23] Exited getEmployeeRequests() in ReimbursementDaoImpl...
2022-06-06 23:01:18,653 INFO s.MainServiceImpl [JettyServerThreadPool-18] Entered getEmployeeRequests() in service.
2022-06-06 23:01:18,653 INFO s.MainServiceImpl [JettyServerThreadPool-18] Exited getEmployeeRequests() in service.
2022-06-06 23:01:18,653 INFO d.ReimbursementDaoImpl [JettyServerThreadPool-18] Enter getEmployeeRequests() in ReimbursementDaoImpl...
2022-06-06 23:01:18,717 INFO d.ReimbursementDaoImpl [JettyServerThreadPool-18] Exited getEmployeeRequests() in ReimbursementDaoImpl...
2022-06-06 23:01:20,531 INFO s.MainServiceImpl [JettyServerThreadPool-22] Entered getEmployeeRequests() in service.
2022-06-06 23:01:20,531 INFO s.MainServiceImpl [JettyServerThreadPool-22] Exited getEmployeeRequests() in service.
2022-06-06 23:01:20,531 INFO d.ReimbursementDaoImpl [JettyServerThreadPool-22] Enter getEmployeeRequests() in ReimbursementDaoImpl...
2022-06-06 23:01:20,596 INFO d.ReimbursementDaoImpl [JettyServerThreadPool-22] Exited getEmployeeRequests() in ReimbursementDaoImpl...
2022-06-06 23:01:20,985 INFO s.MainServiceImpl [JettyServerThreadPool-32] Entered getEmployeeRequests() in service.
2022-06-06 23:01:20,985 INFO s.MainServiceImpl [JettyServerThreadPool-32] Exited getEmployeeRequests() in service.
2022-06-06 23:01:20,985 INFO d.ReimbursementDaoImpl [JettyServerThreadPool-32] Enter getEmployeeRequests() in ReimbursementDaoImpl...
2022-06-06 23:01:21,050 INFO d.ReimbursementDaoImpl [JettyServerThreadPool-32] Exited getEmployeeRequests() in ReimbursementDaoImpl...
2022-06-06 23:01:23,594 INFO s.MainServiceImpl [JettyServerThreadPool-22] Entered getEmployeeRequests() in service.
2022-06-06 23:01:23,594 INFO s.MainServiceImpl [JettyServerThreadPool-22] Exited getEmployeeRequests() in service.
2022-06-06 23:01:23,594 INFO d.ReimbursementDaoImpl [JettyServerThreadPool-22] Enter getEmployeeRequests() in ReimbursementDaoImpl...
2022-06-06 23:01:23,658 INFO d.ReimbursementDaoImpl [JettyServerThreadPool-22] Exited getEmployeeRequests() in ReimbursementDaoImpl...
2022-06-06 23:01:33,603 INFO s.MainServiceImpl [JettyServerThreadPool-32] Entered getEmployeeRequests() in service.
2022-06-06 23:01:33,603 INFO s.MainServiceImpl [JettyServerThreadPool-32] Exited getEmployeeRequests() in service.
2022-06-06 23:01:33,603 INFO d.ReimbursementDaoImpl [JettyServerThreadPool-32] Enter getEmployeeRequests() in ReimbursementDaoImpl...
2022-06-06 23:01:33,668 INFO d.ReimbursementDaoImpl [JettyServerThreadPool-32] Exited getEmployeeRequests() in ReimbursementDaoImpl...
2022-06-06 23:01:51,240 INFO s.MainServiceImpl [JettyServerThreadPool-22] Entered submitRequest() in service.
2022-06-06 23:01:51,240 INFO s.MainServiceImpl [JettyServerThreadPool-22] Exited submitRequest() in service.
2022-06-06 23:01:51,240 INFO d.ReimbursementDaoImpl [JettyServerThreadPool-22] Enter submitRequest() in ReimbursementDaoImpl...
2022-06-06 23:01:51,240 INFO d.ReimbursementDaoImpl [JettyServerThreadPool-22] Exited submitRequest() in ReimbursementDaoImpl...
2022-06-06 23:01:59,271 INFO s.MainServiceImpl [JettyServerThreadPool-32] Entered getEmployeeRequests() in service.
2022-06-06 23:01:59,271 INFO s.MainServiceImpl [JettyServerThreadPool-32] Exited getEmployeeRequests() in service.
2022-06-06 23:01:59,271 INFO d.ReimbursementDaoImpl [JettyServerThreadPool-32] Enter getEmployeeRequests() in ReimbursementDaoImpl...
2022-06-06 23:01:59,338 INFO d.ReimbursementDaoImpl [JettyServerThreadPool-32] Exited getEmployeeRequests() in ReimbursementDaoImpl...
2022-06-06 23:03:05,808 INFO s.MainServiceImpl [JettyServerThreadPool-18] Entered getEmployeeRequests() in service.
2022-06-06 23:03:05,809 INFO s.MainServiceImpl [JettyServerThreadPool-18] Exited getEmployeeRequests() in service.
2022-06-06 23:03:05,809 INFO d.ReimbursementDaoImpl [JettyServerThreadPool-18] Enter getEmployeeRequests() in ReimbursementDaoImpl...
2022-06-06 23:03:05,873 INFO d.ReimbursementDaoImpl [JettyServerThreadPool-18] Exited getEmployeeRequests() in ReimbursementDaoImpl...
2022-06-06 23:03:27,235 INFO s.MainServiceImpl [JettyServerThreadPool-32] Entered updateEmployee() in service.
2022-06-06 23:03:27,235 INFO s.MainServiceImpl [JettyServerThreadPool-32] Exited updateEmployee() in service.
2022-06-06 23:03:27,235 INFO d.EmployeeDaoImpl [JettyServerThreadPool-32] Enter updateEmployee() in EmployeeDaoImpl...
2022-06-06 23:03:44,034 INFO s.MainServiceImpl [JettyServerThreadPool-33] Entered getEmployeeRequests() in service.
2022-06-06 23:03:44,034 INFO s.MainServiceImpl [JettyServerThreadPool-33] Exited getEmployeeRequests() in service.
2022-06-06 23:03:44,034 INFO d.ReimbursementDaoImpl [JettyServerThreadPool-33] Enter getEmployeeRequests() in ReimbursementDaoImpl...
2022-06-06 23:03:44,098 INFO d.ReimbursementDaoImpl [JettyServerThreadPool-33] Exited getEmployeeRequests() in ReimbursementDaoImpl...
2022-06-06 23:04:09,906 INFO s.MainServiceImpl [JettyServerThreadPool-33] Entered updateRequestDetail() in service.
2022-06-06 23:04:09,906 INFO s.MainServiceImpl [JettyServerThreadPool-33] Exited updateRequestDetail() in service.
2022-06-06 23:04:16,011 INFO s.MainServiceImpl [JettyServerThreadPool-32] Entered getEmployeeRequests() in service.
2022-06-06 23:04:16,011 INFO s.MainServiceImpl [JettyServerThreadPool-32] Exited getEmployeeRequests() in service.
2022-06-06 23:04:16,011 INFO d.ReimbursementDaoImpl [JettyServerThreadPool-32] Enter getEmployeeRequests() in ReimbursementDaoImpl...
2022-06-06 23:04:16,075 INFO d.ReimbursementDaoImpl [JettyServerThreadPool-32] Exited getEmployeeRequests() in ReimbursementDaoImpl...
2022-06-06 23:04:43,837 INFO s.MainServiceImpl [JettyServerThreadPool-32] Entered updateEmployee() in service.
2022-06-06 23:04:43,837 INFO s.MainServiceImpl [JettyServerThreadPool-32] Exited updateEmployee() in service.
2022-06-06 23:04:43,837 INFO d.EmployeeDaoImpl [JettyServerThreadPool-32] Enter updateEmployee() in EmployeeDaoImpl...
2022-06-06 23:12:52,847 INFO s.MainServiceImpl [JettyServerThreadPool-36] Entered validateLogin() in service.
2022-06-06 23:12:52,847 INFO s.MainServiceImpl [JettyServerThreadPool-36] Exited validateLogin() in service.
2022-06-06 23:12:52,847 INFO d.EmployeeDaoImpl [JettyServerThreadPool-36] Enter validateLogin() in EmployeeDaoImpl...
2022-06-06 23:12:52,916 INFO d.EmployeeDaoImpl [JettyServerThreadPool-36] Exited validateLogin() in EmployeeDaoImpl...
2022-06-06 23:15:32,610 INFO s.MainServiceImpl [JettyServerThreadPool-37] Entered getEmployeeRequests() in service.
2022-06-06 23:15:32,610 INFO s.MainServiceImpl [JettyServerThreadPool-37] Exited getEmployeeRequests() in service.
2022-06-06 23:15:32,611 INFO d.ReimbursementDaoImpl [JettyServerThreadPool-37] Enter getEmployeeRequests() in ReimbursementDaoImpl...
2022-06-06 23:15:32,676 INFO d.ReimbursementDaoImpl [JettyServerThreadPool-37] Exited getEmployeeRequests() in ReimbursementDaoImpl...
2022-06-06 23:28:12,520 INFO s.MainServiceImpl [JettyServerThreadPool-21] Entered updateEmployee() in service.
2022-06-06 23:28:12,520 INFO s.MainServiceImpl [JettyServerThreadPool-21] Exited updateEmployee() in service.
2022-06-06 23:28:12,520 INFO d.EmployeeDaoImpl [JettyServerThreadPool-21] Enter updateEmployee() in EmployeeDaoImpl...
